<?xml version="1.0" encoding="UTF-8"?>
<testsuite xmlns:xsi="http://www.w3.org/2001/XMLSchema-instance" xsi:noNamespaceSchemaLocation="https://maven.apache.org/surefire/maven-surefire-plugin/xsd/surefire-test-report.xsd" name="co.edu.sena.ghostceet.web.rest.DisponibilidadHorariaResourceIntTest" time="0.074" tests="9" errors="9" skipped="0" failures="0">
  <properties>
[...]
</properties>
  <testcase name="equalsVerifier" classname="co.edu.sena.ghostceet.web.rest.DisponibilidadHorariaResourceIntTest" time="0.009">
    <error message="org.hibernate.exception.ConstraintViolationException: could not execute statement" type="javax.persistence.PersistenceException">javax.persistence.PersistenceException: org.hibernate.exception.ConstraintViolationException: could not execute statement
	at co.edu.sena.ghostceet.web.rest.DisponibilidadHorariaResourceIntTest.createEntity(DisponibilidadHorariaResourceIntTest.java:99)
	at co.edu.sena.ghostceet.web.rest.DisponibilidadHorariaResourceIntTest.initTest(DisponibilidadHorariaResourceIntTest.java:108)
Caused by: org.hibernate.exception.ConstraintViolationException: could not execute statement
	at co.edu.sena.ghostceet.web.rest.DisponibilidadHorariaResourceIntTest.createEntity(DisponibilidadHorariaResourceIntTest.java:99)
	at co.edu.sena.ghostceet.web.rest.DisponibilidadHorariaResourceIntTest.initTest(DisponibilidadHorariaResourceIntTest.java:108)
Caused by: org.h2.jdbc.JdbcSQLException: 
Unique index or primary key violation: "UX_DOCUMENTO_NOMBRE_INDEX_D ON PUBLIC.DOCUMENTO(NOMBRE) VALUES ('AAAAAAAAAA', 41)"; SQL statement:
insert into documento (id, estado, nombre, sigla) values (null, ?, ?, ?) [23505-197]
	at co.edu.sena.ghostceet.web.rest.DisponibilidadHorariaResourceIntTest.createEntity(DisponibilidadHorariaResourceIntTest.java:99)
	at co.edu.sena.ghostceet.web.rest.DisponibilidadHorariaResourceIntTest.initTest(DisponibilidadHorariaResourceIntTest.java:108)
</error>
    <system-out><![CDATA[2019-06-19 11:59:38.054  WARN 24100 --- [           main] o.h.engine.jdbc.spi.SqlExceptionHelper   : SQL Error: 23505, SQLState: 23505
2019-06-19 11:59:38.055 ERROR 24100 --- [           main] o.h.engine.jdbc.spi.SqlExceptionHelper   : Unique index or primary key violation: "UX_DOCUMENTO_NOMBRE_INDEX_D ON PUBLIC.DOCUMENTO(NOMBRE) VALUES ('AAAAAAAAAA', 41)"; SQL statement:
insert into documento (id, estado, nombre, sigla) values (null, ?, ?, ?) [23505-197]
]]></system-out>
  </testcase>
  <testcase name="getDisponibilidadHoraria" classname="co.edu.sena.ghostceet.web.rest.DisponibilidadHorariaResourceIntTest" time="0.008">
    <error message="org.hibernate.exception.ConstraintViolationException: could not execute statement" type="javax.persistence.PersistenceException">javax.persistence.PersistenceException: org.hibernate.exception.ConstraintViolationException: could not execute statement
	at co.edu.sena.ghostceet.web.rest.DisponibilidadHorariaResourceIntTest.createEntity(DisponibilidadHorariaResourceIntTest.java:99)
	at co.edu.sena.ghostceet.web.rest.DisponibilidadHorariaResourceIntTest.initTest(DisponibilidadHorariaResourceIntTest.java:108)
Caused by: org.hibernate.exception.ConstraintViolationException: could not execute statement
	at co.edu.sena.ghostceet.web.rest.DisponibilidadHorariaResourceIntTest.createEntity(DisponibilidadHorariaResourceIntTest.java:99)
	at co.edu.sena.ghostceet.web.rest.DisponibilidadHorariaResourceIntTest.initTest(DisponibilidadHorariaResourceIntTest.java:108)
Caused by: org.h2.jdbc.JdbcSQLException: 
Unique index or primary key violation: "UX_DOCUMENTO_NOMBRE_INDEX_D ON PUBLIC.DOCUMENTO(NOMBRE) VALUES ('AAAAAAAAAA', 43)"; SQL statement:
insert into documento (id, estado, nombre, sigla) values (null, ?, ?, ?) [23505-197]
	at co.edu.sena.ghostceet.web.rest.DisponibilidadHorariaResourceIntTest.createEntity(DisponibilidadHorariaResourceIntTest.java:99)
	at co.edu.sena.ghostceet.web.rest.DisponibilidadHorariaResourceIntTest.initTest(DisponibilidadHorariaResourceIntTest.java:108)
</error>
    <system-out><![CDATA[2019-06-19 11:59:38.061  WARN 24100 --- [           main] o.h.engine.jdbc.spi.SqlExceptionHelper   : SQL Error: 23505, SQLState: 23505
2019-06-19 11:59:38.063 ERROR 24100 --- [           main] o.h.engine.jdbc.spi.SqlExceptionHelper   : Unique index or primary key violation: "UX_DOCUMENTO_NOMBRE_INDEX_D ON PUBLIC.DOCUMENTO(NOMBRE) VALUES ('AAAAAAAAAA', 43)"; SQL statement:
insert into documento (id, estado, nombre, sigla) values (null, ?, ?, ?) [23505-197]
]]></system-out>
  </testcase>
  <testcase name="updateDisponibilidadHoraria" classname="co.edu.sena.ghostceet.web.rest.DisponibilidadHorariaResourceIntTest" time="0.008">
    <error message="org.hibernate.exception.ConstraintViolationException: could not execute statement" type="javax.persistence.PersistenceException">javax.persistence.PersistenceException: org.hibernate.exception.ConstraintViolationException: could not execute statement
	at co.edu.sena.ghostceet.web.rest.DisponibilidadHorariaResourceIntTest.createEntity(DisponibilidadHorariaResourceIntTest.java:99)
	at co.edu.sena.ghostceet.web.rest.DisponibilidadHorariaResourceIntTest.initTest(DisponibilidadHorariaResourceIntTest.java:108)
Caused by: org.hibernate.exception.ConstraintViolationException: could not execute statement
	at co.edu.sena.ghostceet.web.rest.DisponibilidadHorariaResourceIntTest.createEntity(DisponibilidadHorariaResourceIntTest.java:99)
	at co.edu.sena.ghostceet.web.rest.DisponibilidadHorariaResourceIntTest.initTest(DisponibilidadHorariaResourceIntTest.java:108)
Caused by: org.h2.jdbc.JdbcSQLException: 
Unique index or primary key violation: "UX_DOCUMENTO_NOMBRE_INDEX_D ON PUBLIC.DOCUMENTO(NOMBRE) VALUES ('AAAAAAAAAA', 45)"; SQL statement:
insert into documento (id, estado, nombre, sigla) values (null, ?, ?, ?) [23505-197]
	at co.edu.sena.ghostceet.web.rest.DisponibilidadHorariaResourceIntTest.createEntity(DisponibilidadHorariaResourceIntTest.java:99)
	at co.edu.sena.ghostceet.web.rest.DisponibilidadHorariaResourceIntTest.initTest(DisponibilidadHorariaResourceIntTest.java:108)
</error>
    <system-out><![CDATA[2019-06-19 11:59:38.072  WARN 24100 --- [           main] o.h.engine.jdbc.spi.SqlExceptionHelper   : SQL Error: 23505, SQLState: 23505
2019-06-19 11:59:38.072 ERROR 24100 --- [           main] o.h.engine.jdbc.spi.SqlExceptionHelper   : Unique index or primary key violation: "UX_DOCUMENTO_NOMBRE_INDEX_D ON PUBLIC.DOCUMENTO(NOMBRE) VALUES ('AAAAAAAAAA', 45)"; SQL statement:
insert into documento (id, estado, nombre, sigla) values (null, ?, ?, ?) [23505-197]
]]></system-out>
  </testcase>
  <testcase name="getNonExistingDisponibilidadHoraria" classname="co.edu.sena.ghostceet.web.rest.DisponibilidadHorariaResourceIntTest" time="0.007">
    <error message="org.hibernate.exception.ConstraintViolationException: could not execute statement" type="javax.persistence.PersistenceException">javax.persistence.PersistenceException: org.hibernate.exception.ConstraintViolationException: could not execute statement
	at co.edu.sena.ghostceet.web.rest.DisponibilidadHorariaResourceIntTest.createEntity(DisponibilidadHorariaResourceIntTest.java:99)
	at co.edu.sena.ghostceet.web.rest.DisponibilidadHorariaResourceIntTest.initTest(DisponibilidadHorariaResourceIntTest.java:108)
Caused by: org.hibernate.exception.ConstraintViolationException: could not execute statement
	at co.edu.sena.ghostceet.web.rest.DisponibilidadHorariaResourceIntTest.createEntity(DisponibilidadHorariaResourceIntTest.java:99)
	at co.edu.sena.ghostceet.web.rest.DisponibilidadHorariaResourceIntTest.initTest(DisponibilidadHorariaResourceIntTest.java:108)
Caused by: org.h2.jdbc.JdbcSQLException: 
Unique index or primary key violation: "UX_DOCUMENTO_NOMBRE_INDEX_D ON PUBLIC.DOCUMENTO(NOMBRE) VALUES ('AAAAAAAAAA', 47)"; SQL statement:
insert into documento (id, estado, nombre, sigla) values (null, ?, ?, ?) [23505-197]
	at co.edu.sena.ghostceet.web.rest.DisponibilidadHorariaResourceIntTest.createEntity(DisponibilidadHorariaResourceIntTest.java:99)
	at co.edu.sena.ghostceet.web.rest.DisponibilidadHorariaResourceIntTest.initTest(DisponibilidadHorariaResourceIntTest.java:108)
</error>
    <system-out><![CDATA[2019-06-19 11:59:38.079  WARN 24100 --- [           main] o.h.engine.jdbc.spi.SqlExceptionHelper   : SQL Error: 23505, SQLState: 23505
2019-06-19 11:59:38.080 ERROR 24100 --- [           main] o.h.engine.jdbc.spi.SqlExceptionHelper   : Unique index or primary key violation: "UX_DOCUMENTO_NOMBRE_INDEX_D ON PUBLIC.DOCUMENTO(NOMBRE) VALUES ('AAAAAAAAAA', 47)"; SQL statement:
insert into documento (id, estado, nombre, sigla) values (null, ?, ?, ?) [23505-197]
]]></system-out>
  </testcase>
  <testcase name="deleteDisponibilidadHoraria" classname="co.edu.sena.ghostceet.web.rest.DisponibilidadHorariaResourceIntTest" time="0.006">
    <error message="org.hibernate.exception.ConstraintViolationException: could not execute statement" type="javax.persistence.PersistenceException">javax.persistence.PersistenceException: org.hibernate.exception.ConstraintViolationException: could not execute statement
	at co.edu.sena.ghostceet.web.rest.DisponibilidadHorariaResourceIntTest.createEntity(DisponibilidadHorariaResourceIntTest.java:99)
	at co.edu.sena.ghostceet.web.rest.DisponibilidadHorariaResourceIntTest.initTest(DisponibilidadHorariaResourceIntTest.java:108)
Caused by: org.hibernate.exception.ConstraintViolationException: could not execute statement
	at co.edu.sena.ghostceet.web.rest.DisponibilidadHorariaResourceIntTest.createEntity(DisponibilidadHorariaResourceIntTest.java:99)
	at co.edu.sena.ghostceet.web.rest.DisponibilidadHorariaResourceIntTest.initTest(DisponibilidadHorariaResourceIntTest.java:108)
Caused by: org.h2.jdbc.JdbcSQLException: 
Unique index or primary key violation: "UX_DOCUMENTO_NOMBRE_INDEX_D ON PUBLIC.DOCUMENTO(NOMBRE) VALUES ('AAAAAAAAAA', 49)"; SQL statement:
insert into documento (id, estado, nombre, sigla) values (null, ?, ?, ?) [23505-197]
	at co.edu.sena.ghostceet.web.rest.DisponibilidadHorariaResourceIntTest.createEntity(DisponibilidadHorariaResourceIntTest.java:99)
	at co.edu.sena.ghostceet.web.rest.DisponibilidadHorariaResourceIntTest.initTest(DisponibilidadHorariaResourceIntTest.java:108)
</error>
    <system-out><![CDATA[2019-06-19 11:59:38.086  WARN 24100 --- [           main] o.h.engine.jdbc.spi.SqlExceptionHelper   : SQL Error: 23505, SQLState: 23505
2019-06-19 11:59:38.087 ERROR 24100 --- [           main] o.h.engine.jdbc.spi.SqlExceptionHelper   : Unique index or primary key violation: "UX_DOCUMENTO_NOMBRE_INDEX_D ON PUBLIC.DOCUMENTO(NOMBRE) VALUES ('AAAAAAAAAA', 49)"; SQL statement:
insert into documento (id, estado, nombre, sigla) values (null, ?, ?, ?) [23505-197]
]]></system-out>
  </testcase>
  <testcase name="updateNonExistingDisponibilidadHoraria" classname="co.edu.sena.ghostceet.web.rest.DisponibilidadHorariaResourceIntTest" time="0.006">
    <error message="org.hibernate.exception.ConstraintViolationException: could not execute statement" type="javax.persistence.PersistenceException">javax.persistence.PersistenceException: org.hibernate.exception.ConstraintViolationException: could not execute statement
	at co.edu.sena.ghostceet.web.rest.DisponibilidadHorariaResourceIntTest.createEntity(DisponibilidadHorariaResourceIntTest.java:99)
	at co.edu.sena.ghostceet.web.rest.DisponibilidadHorariaResourceIntTest.initTest(DisponibilidadHorariaResourceIntTest.java:108)
Caused by: org.hibernate.exception.ConstraintViolationException: could not execute statement
	at co.edu.sena.ghostceet.web.rest.DisponibilidadHorariaResourceIntTest.createEntity(DisponibilidadHorariaResourceIntTest.java:99)
	at co.edu.sena.ghostceet.web.rest.DisponibilidadHorariaResourceIntTest.initTest(DisponibilidadHorariaResourceIntTest.java:108)
Caused by: org.h2.jdbc.JdbcSQLException: 
Unique index or primary key violation: "UX_DOCUMENTO_NOMBRE_INDEX_D ON PUBLIC.DOCUMENTO(NOMBRE) VALUES ('AAAAAAAAAA', 51)"; SQL statement:
insert into documento (id, estado, nombre, sigla) values (null, ?, ?, ?) [23505-197]
	at co.edu.sena.ghostceet.web.rest.DisponibilidadHorariaResourceIntTest.createEntity(DisponibilidadHorariaResourceIntTest.java:99)
	at co.edu.sena.ghostceet.web.rest.DisponibilidadHorariaResourceIntTest.initTest(DisponibilidadHorariaResourceIntTest.java:108)
</error>
    <system-out><![CDATA[2019-06-19 11:59:38.093  WARN 24100 --- [           main] o.h.engine.jdbc.spi.SqlExceptionHelper   : SQL Error: 23505, SQLState: 23505
2019-06-19 11:59:38.094 ERROR 24100 --- [           main] o.h.engine.jdbc.spi.SqlExceptionHelper   : Unique index or primary key violation: "UX_DOCUMENTO_NOMBRE_INDEX_D ON PUBLIC.DOCUMENTO(NOMBRE) VALUES ('AAAAAAAAAA', 51)"; SQL statement:
insert into documento (id, estado, nombre, sigla) values (null, ?, ?, ?) [23505-197]
]]></system-out>
  </testcase>
  <testcase name="createDisponibilidadHoraria" classname="co.edu.sena.ghostceet.web.rest.DisponibilidadHorariaResourceIntTest" time="0.006">
    <error message="org.hibernate.exception.ConstraintViolationException: could not execute statement" type="javax.persistence.PersistenceException">javax.persistence.PersistenceException: org.hibernate.exception.ConstraintViolationException: could not execute statement
	at co.edu.sena.ghostceet.web.rest.DisponibilidadHorariaResourceIntTest.createEntity(DisponibilidadHorariaResourceIntTest.java:99)
	at co.edu.sena.ghostceet.web.rest.DisponibilidadHorariaResourceIntTest.initTest(DisponibilidadHorariaResourceIntTest.java:108)
Caused by: org.hibernate.exception.ConstraintViolationException: could not execute statement
	at co.edu.sena.ghostceet.web.rest.DisponibilidadHorariaResourceIntTest.createEntity(DisponibilidadHorariaResourceIntTest.java:99)
	at co.edu.sena.ghostceet.web.rest.DisponibilidadHorariaResourceIntTest.initTest(DisponibilidadHorariaResourceIntTest.java:108)
Caused by: org.h2.jdbc.JdbcSQLException: 
Unique index or primary key violation: "UX_DOCUMENTO_NOMBRE_INDEX_D ON PUBLIC.DOCUMENTO(NOMBRE) VALUES ('AAAAAAAAAA', 53)"; SQL statement:
insert into documento (id, estado, nombre, sigla) values (null, ?, ?, ?) [23505-197]
	at co.edu.sena.ghostceet.web.rest.DisponibilidadHorariaResourceIntTest.createEntity(DisponibilidadHorariaResourceIntTest.java:99)
	at co.edu.sena.ghostceet.web.rest.DisponibilidadHorariaResourceIntTest.initTest(DisponibilidadHorariaResourceIntTest.java:108)
</error>
    <system-out><![CDATA[2019-06-19 11:59:38.100  WARN 24100 --- [           main] o.h.engine.jdbc.spi.SqlExceptionHelper   : SQL Error: 23505, SQLState: 23505
2019-06-19 11:59:38.100 ERROR 24100 --- [           main] o.h.engine.jdbc.spi.SqlExceptionHelper   : Unique index or primary key violation: "UX_DOCUMENTO_NOMBRE_INDEX_D ON PUBLIC.DOCUMENTO(NOMBRE) VALUES ('AAAAAAAAAA', 53)"; SQL statement:
insert into documento (id, estado, nombre, sigla) values (null, ?, ?, ?) [23505-197]
]]></system-out>
  </testcase>
  <testcase name="getAllDisponibilidadHorarias" classname="co.edu.sena.ghostceet.web.rest.DisponibilidadHorariaResourceIntTest" time="0.006">
    <error message="org.hibernate.exception.ConstraintViolationException: could not execute statement" type="javax.persistence.PersistenceException">javax.persistence.PersistenceException: org.hibernate.exception.ConstraintViolationException: could not execute statement
	at co.edu.sena.ghostceet.web.rest.DisponibilidadHorariaResourceIntTest.createEntity(DisponibilidadHorariaResourceIntTest.java:99)
	at co.edu.sena.ghostceet.web.rest.DisponibilidadHorariaResourceIntTest.initTest(DisponibilidadHorariaResourceIntTest.java:108)
Caused by: org.hibernate.exception.ConstraintViolationException: could not execute statement
	at co.edu.sena.ghostceet.web.rest.DisponibilidadHorariaResourceIntTest.createEntity(DisponibilidadHorariaResourceIntTest.java:99)
	at co.edu.sena.ghostceet.web.rest.DisponibilidadHorariaResourceIntTest.initTest(DisponibilidadHorariaResourceIntTest.java:108)
Caused by: org.h2.jdbc.JdbcSQLException: 
Unique index or primary key violation: "UX_DOCUMENTO_NOMBRE_INDEX_D ON PUBLIC.DOCUMENTO(NOMBRE) VALUES ('AAAAAAAAAA', 55)"; SQL statement:
insert into documento (id, estado, nombre, sigla) values (null, ?, ?, ?) [23505-197]
	at co.edu.sena.ghostceet.web.rest.DisponibilidadHorariaResourceIntTest.createEntity(DisponibilidadHorariaResourceIntTest.java:99)
	at co.edu.sena.ghostceet.web.rest.DisponibilidadHorariaResourceIntTest.initTest(DisponibilidadHorariaResourceIntTest.java:108)
</error>
    <system-out><![CDATA[2019-06-19 11:59:38.107  WARN 24100 --- [           main] o.h.engine.jdbc.spi.SqlExceptionHelper   : SQL Error: 23505, SQLState: 23505
2019-06-19 11:59:38.108 ERROR 24100 --- [           main] o.h.engine.jdbc.spi.SqlExceptionHelper   : Unique index or primary key violation: "UX_DOCUMENTO_NOMBRE_INDEX_D ON PUBLIC.DOCUMENTO(NOMBRE) VALUES ('AAAAAAAAAA', 55)"; SQL statement:
insert into documento (id, estado, nombre, sigla) values (null, ?, ?, ?) [23505-197]
]]></system-out>
  </testcase>
  <testcase name="createDisponibilidadHorariaWithExistingId" classname="co.edu.sena.ghostceet.web.rest.DisponibilidadHorariaResourceIntTest" time="0.008">
    <error message="org.hibernate.exception.ConstraintViolationException: could not execute statement" type="javax.persistence.PersistenceException">javax.persistence.PersistenceException: org.hibernate.exception.ConstraintViolationException: could not execute statement
	at co.edu.sena.ghostceet.web.rest.DisponibilidadHorariaResourceIntTest.createEntity(DisponibilidadHorariaResourceIntTest.java:99)
	at co.edu.sena.ghostceet.web.rest.DisponibilidadHorariaResourceIntTest.initTest(DisponibilidadHorariaResourceIntTest.java:108)
Caused by: org.hibernate.exception.ConstraintViolationException: could not execute statement
	at co.edu.sena.ghostceet.web.rest.DisponibilidadHorariaResourceIntTest.createEntity(DisponibilidadHorariaResourceIntTest.java:99)
	at co.edu.sena.ghostceet.web.rest.DisponibilidadHorariaResourceIntTest.initTest(DisponibilidadHorariaResourceIntTest.java:108)
Caused by: org.h2.jdbc.JdbcSQLException: 
Unique index or primary key violation: "UX_DOCUMENTO_NOMBRE_INDEX_D ON PUBLIC.DOCUMENTO(NOMBRE) VALUES ('AAAAAAAAAA', 57)"; SQL statement:
insert into documento (id, estado, nombre, sigla) values (null, ?, ?, ?) [23505-197]
	at co.edu.sena.ghostceet.web.rest.DisponibilidadHorariaResourceIntTest.createEntity(DisponibilidadHorariaResourceIntTest.java:99)
	at co.edu.sena.ghostceet.web.rest.DisponibilidadHorariaResourceIntTest.initTest(DisponibilidadHorariaResourceIntTest.java:108)
</error>
    <system-out><![CDATA[2019-06-19 11:59:38.116  WARN 24100 --- [           main] o.h.engine.jdbc.spi.SqlExceptionHelper   : SQL Error: 23505, SQLState: 23505
2019-06-19 11:59:38.116 ERROR 24100 --- [           main] o.h.engine.jdbc.spi.SqlExceptionHelper   : Unique index or primary key violation: "UX_DOCUMENTO_NOMBRE_INDEX_D ON PUBLIC.DOCUMENTO(NOMBRE) VALUES ('AAAAAAAAAA', 57)"; SQL statement:
insert into documento (id, estado, nombre, sigla) values (null, ?, ?, ?) [23505-197]
]]></system-out>
  </testcase>
</testsuite>